2013/01/15 14:15:17 [error] [exception.CHttpException.404] exception 'CHttpException' with message 'Unable to resolve the request "favicon.ico".' in C:\wamp\framework\web\CWebApplication.php:287
Stack trace:
#0 C:\wamp\framework\web\CWebApplication.php(142): CWebApplication->runController('favicon.ico')
#1 C:\wamp\framework\base\CApplication.php(162): CWebApplication->processRequest()
#2 C:\wamp\www\CI20\index.php(13): CApplication->run()
#3 {main}
REQUEST_URI=/favicon.ico
---
2013/01/15 14:15:17 [error] [exception.CHttpException.404] exception 'CHttpException' with message 'Unable to resolve the request "favicon.ico".' in C:\wamp\framework\web\CWebApplication.php:287
Stack trace:
#0 C:\wamp\framework\web\CWebApplication.php(142): CWebApplication->runController('favicon.ico')
#1 C:\wamp\framework\base\CApplication.php(162): CWebApplication->processRequest()
#2 C:\wamp\www\CI20\index.php(13): CApplication->run()
#3 {main}
REQUEST_URI=/favicon.ico
---
2013/01/15 15:39:34 [error] [system.db.CDbCommand] CDbCommand::fetchColumn() failed: SQLSTATE[42000]: Syntax error or access violation: 1064 You have an error in your SQL syntax; check the manual that corresponds to your MySQL server version for the right syntax to use near 'NULL' at line 1. The SQL statement executed was: SELECT COUNT(*) FROM `ci_trouble_tickets` `t` WHERE closedbyuserid NOT NULL.
in C:\wamp\www\CI20\protected\modules\tickets\views\troubleTickets\index.php (20)
in C:\wamp\www\CI20\protected\modules\tickets\controllers\TroubleTicketsController.php (122)
in C:\wamp\www\CI20\index.php (13)
2013/01/15 15:39:34 [error] [exception.CDbException] exception 'CDbException' with message 'CDbCommand failed to execute the SQL statement: SQLSTATE[42000]: Syntax error or access violation: 1064 You have an error in your SQL syntax; check the manual that corresponds to your MySQL server version for the right syntax to use near 'NULL' at line 1. The SQL statement executed was: SELECT COUNT(*) FROM `ci_trouble_tickets` `t` WHERE closedbyuserid NOT NULL' in C:\wamp\framework\db\CDbCommand.php:528
Stack trace:
#0 C:\wamp\framework\db\CDbCommand.php(425): CDbCommand->queryInternal('fetchColumn', 0, Array)
#1 C:\wamp\framework\db\ar\CActiveRecord.php(1540): CDbCommand->queryScalar()
#2 C:\wamp\framework\web\CActiveDataProvider.php(179): CActiveRecord->count(Object(CDbCriteria))
#3 C:\wamp\framework\web\CDataProvider.php(193): CActiveDataProvider->calculateTotalItemCount()
#4 C:\wamp\framework\web\CActiveDataProvider.php(129): CDataProvider->getTotalItemCount()
#5 C:\wamp\framework\web\CDataProvider.php(137): CActiveDataProvider->fetchData()
#6 C:\wamp\framework\zii\widgets\CBaseListView.php(108): CDataProvider->getData()
#7 C:\wamp\framework\zii\widgets\CListView.php(182): CBaseListView->init()
#8 C:\wamp\framework\web\CBaseController.php(148): CListView->init()
#9 C:\wamp\framework\web\CBaseController.php(173): CBaseController->createWidget('zii.widgets.CLi...', Array)
#10 C:\wamp\www\CI20\protected\modules\tickets\views\troubleTickets\index.php(20): CBaseController->widget('zii.widgets.CLi...', Array)
#11 C:\wamp\framework\web\CBaseController.php(127): require('C:\wamp\www\CI2...')
#12 C:\wamp\framework\web\CBaseController.php(96): CBaseController->renderInternal('C:\wamp\www\CI2...', Array, true)
#13 C:\wamp\framework\web\CController.php(870): CBaseController->renderFile('C:\wamp\www\CI2...', Array, true)
#14 C:\wamp\framework\web\CController.php(783): CController->renderPartial('index', Array, true)
#15 C:\wamp\www\CI20\protected\modules\tickets\controllers\TroubleTicketsController.php(122): CController->render('index', Array)
#16 C:\wamp\framework\web\actions\CInlineAction.php(50): TroubleTicketsController->actionIndex()
#17 C:\wamp\framework\web\CController.php(309): CInlineAction->runWithParams(Array)
#18 C:\wamp\framework\web\filters\CFilterChain.php(134): CController->runAction(Object(CInlineAction))
#19 C:\wamp\framework\web\filters\CFilter.php(41): CFilterChain->run()
#20 C:\wamp\framework\web\CController.php(1146): CFilter->filter(Object(CFilterChain))
#21 C:\wamp\framework\web\filters\CInlineFilter.php(59): CController->filterAccessControl(Object(CFilterChain))
#22 C:\wamp\framework\web\filters\CFilterChain.php(131): CInlineFilter->filter(Object(CFilterChain))
#23 C:\wamp\framework\web\CController.php(292): CFilterChain->run()
#24 C:\wamp\framework\web\CController.php(266): CController->runActionWithFilters(Object(CInlineAction), Array)
#25 C:\wamp\framework\web\CWebApplication.php(283): CController->run('index')
#26 C:\wamp\framework\web\CWebApplication.php(142): CWebApplication->runController('tickets/trouble...')
#27 C:\wamp\framework\base\CApplication.php(162): CWebApplication->processRequest()
#28 C:\wamp\www\CI20\index.php(13): CApplication->run()
#29 {main}
REQUEST_URI=/tickets/troubletickets/index
HTTP_REFERER=http://ci2/tickets/troubletickets/view?id=1
---
2013/01/15 15:43:42 [error] [exception.CHttpException.404] exception 'CHttpException' with message 'The system is unable to find the requested action "indexclosed".' in C:\wamp\framework\web\CController.php:484
Stack trace:
#0 C:\wamp\framework\web\CController.php(271): CController->missingAction('indexclosed')
#1 C:\wamp\framework\web\CWebApplication.php(283): CController->run('indexclosed')
#2 C:\wamp\framework\web\CWebApplication.php(142): CWebApplication->runController('tickets/trouble...')
#3 C:\wamp\framework\base\CApplication.php(162): CWebApplication->processRequest()
#4 C:\wamp\www\CI20\index.php(13): CApplication->run()
#5 {main}
REQUEST_URI=/tickets/troubletickets/indexclosed
---
